<?xml version="1.0" encoding="UTF-8"?>
<testsuite name="br.dev.cristopher.mocks.service.GeradorDePagamentoTest" tests="1" skipped="0" failures="0" errors="0" timestamp="2022-07-24T00:01:57" hostname="CEDUARDOC" time="0.37">
  <properties/>
  <testcase name="gerarPagamento()" classname="br.dev.cristopher.mocks.service.GeradorDePagamentoTest" time="0.37"/>
  <system-out><![CDATA[]]></system-out>
  <system-err><![CDATA[]]></system-err>
</testsuite>
